2015_10_07_02_44_35_308 [main] INFO  caching.ServerLFS.connectNetwork(ServerLFS.java:454)- server started...
2015_10_07_02_44_56_387 [Thread-2] INFO  caching.ServerLFS$A.run(ServerLFS.java:566)- advertised: 127.0.0.1
2015_10_07_02_44_56_387 [Thread-2] INFO  caching.ServerLFS$A.run(ServerLFS.java:568)- content NOT added to content store
2015_10_07_02_44_56_429 [main] INFO  topology.SendPacket.forwardPacket(SendPacket.java:198)- -------------------------------------------
2015_10_07_02_44_56_430 [main] INFO  topology.SendPacket.forwardPacket(SendPacket.java:199)-     -Forward packet next hop provided-
2015_10_07_02_44_56_430 [main] INFO  topology.SendPacket.forwardPacket(SendPacket.java:200)- nextHop: 202809273
2015_10_07_02_44_56_431 [main] INFO  topology.SendPacket.forwardPacket(SendPacket.java:201)- -------------------------------------------
2015_10_07_02_44_56_431 [main] INFO  caching.ServerLFS.sendMessage(ServerLFS.java:146)- IP: 
2015_10_07_02_44_56_431 [main] INFO  caching.ServerLFS.sendMessage(ServerLFS.java:147)- isConnected: {=overlay.SocketContainer@4c98385c}
2015_10_07_02_46_01_787 [main] INFO  caching.ServerLFS.connectNetwork(ServerLFS.java:457)- server started...
2015_10_07_02_46_38_037 [main] INFO  caching.ServerLFS.connectNetwork(ServerLFS.java:457)- server started...
2015_10_07_02_46_51_964 [Thread-2] INFO  caching.ServerLFS$A.run(ServerLFS.java:566)- advertised: 127.0.0.1
2015_10_07_02_46_51_965 [Thread-2] INFO  caching.ServerLFS$A.run(ServerLFS.java:568)- content NOT added to content store
2015_10_07_02_46_52_000 [main] INFO  topology.SendPacket.forwardPacket(SendPacket.java:198)- -------------------------------------------
2015_10_07_02_46_52_000 [main] INFO  topology.SendPacket.forwardPacket(SendPacket.java:199)-     -Forward packet next hop provided-
2015_10_07_02_46_52_000 [main] INFO  topology.SendPacket.forwardPacket(SendPacket.java:200)- nextHop: 202809273
2015_10_07_02_46_52_001 [main] INFO  topology.SendPacket.forwardPacket(SendPacket.java:201)- -------------------------------------------
2015_10_07_02_46_52_011 [main] INFO  caching.ServerLFS.sendMessage(ServerLFS.java:146)- IP: 
2015_10_07_02_46_52_013 [main] INFO  caching.ServerLFS.sendMessage(ServerLFS.java:147)- isConnected: {=overlay.SocketContainer@4c98385c}
2015_10_07_02_50_39_208 [Thread-4] ERROR overlay.ServerLinks.run(ServerLinks.java:46)- 
2015_10_07_02_50_39_213 [Thread-4] INFO  overlay.ServerLinks.run(ServerLinks.java:57)- Server dropped...
